2025-03-30 03:15:24,894 - telegram_aiohttp - INFO - Using device: cpu
2025-03-30 03:15:56,484 - telegram_aiohttp - INFO - Bot starting...
2025-03-30 03:15:57,900 - telegram_aiohttp - INFO - Bot start
2025-03-30 13:48:08,020 - telegram_aiohttp - INFO - Using device: cpu
2025-03-30 13:48:18,899 - telegram_aiohttp - INFO - Bot starting...
2025-03-30 13:48:20,043 - telegram_aiohttp - INFO - Bot start
2025-03-30 13:51:37,893 - telegram_aiohttp - INFO - Получена команда /start от 1211395363
2025-03-30 13:51:38,747 - telegram_aiohttp - INFO - Обработка текста от 419449047: Pfq
2025-03-30 13:52:08,348 - telegram_aiohttp - INFO - Обработка текста от 419449047: Анализ днк
2025-03-30 13:52:18,168 - telegram_aiohttp - INFO - Обработка текста от 1211395363: сколько стоит сдать кровь
2025-03-30 13:52:31,229 - telegram_aiohttp - INFO - Обработка текста от 419449047: Сколько стоит сдать кровь
2025-03-30 13:52:39,022 - telegram_aiohttp - INFO - Обработка текста от 1211395363: часы работы клиники
2025-03-30 13:53:09,017 - telegram_aiohttp - INFO - Обработка текста от 1211395363: запиши к врачу
2025-03-30 13:54:00,181 - telegram_aiohttp - INFO - Обработка текста от 1026077068: Сколько весит корова?
2025-03-30 13:54:09,051 - telegram_aiohttp - INFO - Обработка текста от 1211395363: стоимость узи
2025-03-30 13:54:21,339 - telegram_aiohttp - INFO - Обработка текста от 1211395363: цена узи
2025-03-30 13:54:33,005 - telegram_aiohttp - INFO - Обработка текста от 1211395363: узи
2025-03-30 13:55:25,056 - telegram_aiohttp - INFO - Обработка текста от 1211395363: какие виды узи есть
2025-03-30 13:55:38,320 - telegram_aiohttp - INFO - Обработка текста от 1211395363: что делать перед сдачей крови
2025-03-30 13:55:50,445 - telegram_aiohttp - INFO - Обработка текста от 1026077068: Интересно, ответит ли бот, если я напишу сука пенис член и корова
2025-03-30 13:55:56,636 - telegram_aiohttp - INFO - Обработка текста от 1026077068: Норм
2025-03-30 13:56:29,633 - telegram_aiohttp - INFO - Обработка текста от 419449047: Стоимость узи
2025-03-30 14:02:41,448 - telegram_aiohttp - INFO - Using device: cpu
2025-03-30 14:02:53,213 - telegram_aiohttp - INFO - Bot starting...
2025-03-30 14:02:54,297 - telegram_aiohttp - INFO - Bot start
2025-03-30 14:08:34,019 - telegram_aiohttp - INFO - Обработка текста от 1026077068: Ку ку как дела?
2025-03-30 14:08:44,406 - telegram_aiohttp - INFO - Обработка текста от 1026077068: Сколько весит корова?
2025-03-30 14:19:28,636 - telegram_aiohttp - INFO - Обработка текста от 1026077068: Сколько весит корова?
2025-03-30 14:19:52,092 - telegram_aiohttp - INFO - Обработка текста от 419449047: ай
2025-03-30 14:20:02,114 - telegram_aiohttp - INFO - Обработка текста от 1026077068: Телефон поликлиники чита
2025-03-30 14:39:54,530 - telegram_aiohttp - INFO - Using device: cpu
2025-03-30 14:40:08,108 - telegram_aiohttp - INFO - Bot starting...
2025-03-30 14:40:09,247 - telegram_aiohttp - INFO - Bot start
2025-03-30 14:41:59,694 - telegram_aiohttp - INFO - Обработка текста от 1026077068: Телефон поликлиники чита
2025-03-30 14:42:00,239 - telegram_aiohttp - INFO - Обработка текста от 419449047: анализ крови
2025-03-30 14:42:09,785 - telegram_aiohttp - INFO - Обработка текста от 419449047: анализ крови общий
2025-03-30 14:42:15,900 - telegram_aiohttp - INFO - Обработка текста от 419449047: УЗИ
2025-03-30 14:42:25,439 - telegram_aiohttp - INFO - Обработка текста от 419449047: сколько стоит анализ крови
2025-03-30 14:42:28,703 - telegram_aiohttp - INFO - Обработка текста от 1026077068: анализ крови
2025-03-30 14:42:38,044 - telegram_aiohttp - INFO - Обработка текста от 1026077068: сколько стоит анализ крови
2025-03-30 14:42:46,223 - telegram_aiohttp - INFO - Обработка текста от 419449047: Анализ днк
2025-03-30 14:42:57,421 - telegram_aiohttp - INFO - Обработка текста от 419449047: как подготовиться к анализу крови
2025-03-30 14:43:09,772 - telegram_aiohttp - INFO - Обработка текста от 419449047: сколько стоит общий анализ крови
2025-03-30 14:43:26,668 - telegram_aiohttp - INFO - Обработка текста от 1026077068: Сколько весит корова?
2025-03-30 14:43:37,366 - telegram_aiohttp - INFO - Обработка текста от 1026077068: телефон
2025-03-30 14:43:51,778 - telegram_aiohttp - INFO - Обработка текста от 419449047: когда работает диагностическая поликлиника
2025-03-30 14:44:01,174 - telegram_aiohttp - INFO - Обработка текста от 419449047: колл-центр
2025-03-30 14:59:56,588 - telegram_aiohttp - INFO - Обработка текста от 1026077068: Телефон поликлиники чита
2025-03-30 15:04:44,270 - telegram_aiohttp - INFO - Обработка текста от 419449047: колл-центр
2025-03-30 15:06:58,900 - telegram_aiohttp - INFO - Обработка текста от 419449047: Подготовка к анализу
2025-03-30 15:10:55,252 - telegram_aiohttp - INFO - Обработка текста от 419449047: подготовка к анализу мочи
2025-03-30 15:11:44,385 - telegram_aiohttp - INFO - Обработка текста от 419449047: подготовка к анализу крови
2025-03-30 15:14:51,582 - telegram_aiohttp - INFO - Обработка текста от 419449047: когда работает поликлиника
2025-03-30 15:15:01,201 - telegram_aiohttp - INFO - Обработка текста от 1026077068: сколько весит корова?
2025-03-30 15:15:07,389 - telegram_aiohttp - INFO - Обработка текста от 1026077068: Контакты колцентра
2025-03-30 15:15:47,218 - telegram_aiohttp - INFO - Обработка текста от 419449047: как подготовиться к анализу крови
2025-03-30 15:18:57,436 - telegram_aiohttp - INFO - Обработка текста от 1026077068: Контакты колцентра
2025-03-30 15:23:18,877 - telegram_aiohttp - INFO - Обработка текста от 419449047: Колл центр
2025-03-30 15:24:59,543 - telegram_aiohttp - INFO - Обработка текста от 1026077068: Контакты колцентра
2025-03-30 15:29:12,806 - telegram_aiohttp - INFO - Обработка текста от 419449047: Колл центр
2025-03-30 15:35:39,497 - telegram_aiohttp - INFO - Обработка текста от 419449047: Как подготовиться к анализу крови
2025-03-30 15:50:40,813 - telegram_aiohttp - INFO - Обработка текста от 419449047: Колл центр
2025-03-30 15:52:26,357 - telegram_aiohttp - INFO - Обработка текста от 419449047: Расписание
2025-03-30 15:53:15,815 - telegram_aiohttp - INFO - Обработка текста от 419449047: Подготовка к анализам
2025-03-30 15:53:37,764 - telegram_aiohttp - INFO - Обработка текста от 419449047: Цена
2025-03-30 16:23:39,617 - telegram_aiohttp - INFO - Bot stopp
2025-03-30 16:23:39,640 - telegram_aiohttp - INFO - Bot stopped by user
2025-03-30 17:28:48,922 - telegram_aiohttp - INFO - Using device: cpu
2025-03-30 17:29:01,539 - telegram_aiohttp - INFO - Bot starting...
2025-03-30 17:29:02,950 - telegram_aiohttp - INFO - Bot start
2025-03-30 17:30:48,210 - telegram_aiohttp - INFO - Bot stopp
2025-03-30 17:30:48,219 - telegram_aiohttp - INFO - Bot stopped by user
2025-03-30 17:31:02,285 - telegram_aiohttp - INFO - Using device: cpu
2025-03-30 17:31:07,126 - telegram_aiohttp - INFO - Bot starting...
2025-03-30 17:31:08,015 - telegram_aiohttp - INFO - Bot start
2025-03-30 17:31:18,681 - telegram_aiohttp - INFO - Получена команда /help от 1026077068
2025-03-30 17:44:26,891 - telegram_aiohttp - INFO - Получен отзыв от 1026077068: Все круто
2025-03-30 17:44:41,826 - telegram_aiohttp - INFO - Получен отзыв от 1026077068: щфугкпрщфгукипм
2025-03-30 17:48:31,738 - telegram_aiohttp - INFO - Получен отзыв от 1026077068: мой отзыв
2025-03-30 17:58:55,240 - telegram_aiohttp - INFO - Bot stopp
2025-03-30 17:58:55,259 - telegram_aiohttp - INFO - Bot stopped by user
2025-03-30 17:59:11,193 - telegram_aiohttp - INFO - Using device: cpu
2025-03-30 18:05:28,488 - telegram_aiohttp - INFO - Using device: cpu
2025-03-30 18:05:33,396 - telegram_aiohttp - INFO - Bot starting...
2025-03-30 18:05:34,306 - telegram_aiohttp - INFO - Bot start
2025-03-30 18:06:01,318 - telegram_aiohttp - INFO - Обработка текста от 1026077068: 📝 Feedback
2025-03-30 18:06:03,547 - telegram_aiohttp - ERROR - Ошибка соединения: Cannot connect to host 127.0.0.1:8000 ssl:default [Удаленный компьютер отклонил это сетевое подключение]
2025-03-30 18:06:12,477 - telegram_aiohttp - INFO - Обработка текста от 1026077068: ℹ️ Help
2025-03-30 18:06:14,752 - telegram_aiohttp - ERROR - Ошибка соединения: Cannot connect to host 127.0.0.1:8000 ssl:default [Удаленный компьютер отклонил это сетевое подключение]
2025-03-30 18:06:32,495 - telegram_aiohttp - INFO - Получен запрос help от 1026077068
2025-03-30 18:06:40,524 - telegram_aiohttp - INFO - Получен отзыв от 1026077068: Мне все нравится
2025-03-30 18:09:37,453 - telegram_aiohttp - INFO - Обработка текста от 1026077068: привет
2025-03-30 18:09:40,081 - telegram_aiohttp - ERROR - Ошибка соединения: Cannot connect to host 127.0.0.1:8000 ssl:default [Удаленный компьютер отклонил это сетевое подключение]
2025-03-30 18:09:50,225 - telegram_aiohttp - INFO - Обработка текста от 1026077068: /meny
2025-03-30 18:09:52,552 - telegram_aiohttp - ERROR - Ошибка соединения: Cannot connect to host 127.0.0.1:8000 ssl:default [Удаленный компьютер отклонил это сетевое подключение]
2025-03-30 18:10:01,673 - telegram_aiohttp - INFO - Обработка текста от 1026077068: menu
2025-03-30 18:10:03,959 - telegram_aiohttp - ERROR - Ошибка соединения: Cannot connect to host 127.0.0.1:8000 ssl:default [Удаленный компьютер отклонил это сетевое подключение]
2025-03-30 18:24:17,393 - telegram_aiohttp - INFO - Bot stopp
2025-03-30 18:24:17,406 - telegram_aiohttp - INFO - Bot stopped by user
2025-03-30 18:24:30,262 - telegram_aiohttp - INFO - Using device: cpu
2025-03-30 18:24:35,009 - telegram_aiohttp - INFO - Bot starting...
2025-03-30 18:24:35,920 - telegram_aiohttp - INFO - Bot start
2025-03-30 18:24:56,123 - telegram_aiohttp - INFO - Получена команда /start от 1026077068
2025-03-30 18:24:58,147 - telegram_aiohttp - ERROR - Ошибка при запросе к API: Cannot connect to host 127.0.0.1:8000 ssl:default [Удаленный компьютер отклонил это сетевое подключение]
2025-03-30 18:26:27,478 - telegram_aiohttp - INFO - Bot stopp
2025-03-30 18:26:27,486 - telegram_aiohttp - INFO - Bot stopped by user
2025-03-30 18:26:41,756 - telegram_aiohttp - INFO - Using device: cpu
2025-03-30 18:26:46,318 - telegram_aiohttp - INFO - Bot starting...
2025-03-30 18:26:47,142 - telegram_aiohttp - INFO - Bot start
2025-03-30 18:27:02,394 - telegram_aiohttp - INFO - Получена команда /start от 1026077068
2025-03-30 18:27:04,426 - telegram_aiohttp - ERROR - Ошибка при запросе к API: Cannot connect to host 127.0.0.1:8000 ssl:default [Удаленный компьютер отклонил это сетевое подключение]
2025-03-30 18:27:54,424 - telegram_aiohttp - INFO - Bot stopp
2025-03-30 18:27:54,426 - telegram_aiohttp - INFO - Bot stopped by user
2025-03-30 18:28:06,230 - telegram_aiohttp - INFO - Using device: cpu
2025-03-30 18:28:10,510 - telegram_aiohttp - INFO - Bot starting...
2025-03-30 18:28:11,344 - telegram_aiohttp - INFO - Bot start
2025-03-30 18:28:18,749 - telegram_aiohttp - INFO - Получена команда /start от 1026077068
2025-03-30 18:28:20,798 - telegram_aiohttp - ERROR - Ошибка при запросе к API: Cannot connect to host 127.0.0.1:8000 ssl:default [Удаленный компьютер отклонил это сетевое подключение]
2025-03-30 18:28:39,270 - telegram_aiohttp - INFO - Получена команда /start от 1026077068
2025-03-30 18:28:41,322 - telegram_aiohttp - ERROR - Ошибка при запросе к API: Cannot connect to host 127.0.0.1:8000 ssl:default [Удаленный компьютер отклонил это сетевое подключение]
2025-03-30 18:28:48,446 - telegram_aiohttp - INFO - Получен запрос help от 1026077068
2025-03-30 18:28:52,772 - telegram_aiohttp - INFO - Получен отзыв от 1026077068: aefb
2025-03-30 18:32:30,432 - telegram_aiohttp - INFO - Получена команда /feedback от 1026077068
2025-03-30 18:32:32,633 - telegram_aiohttp - INFO - Получен отзыв от 1026077068: sbgsrgb
2025-03-30 18:34:29,933 - telegram_aiohttp - INFO - Bot stopp
2025-03-30 18:34:29,936 - telegram_aiohttp - INFO - Bot stopped by user
2025-03-30 18:34:45,561 - telegram_aiohttp - INFO - Using device: cpu
2025-03-30 18:34:50,340 - telegram_aiohttp - INFO - Bot starting...
2025-03-30 18:34:51,224 - telegram_aiohttp - INFO - Bot start
2025-03-30 18:35:13,108 - telegram_aiohttp - INFO - Получена команда /help от 1026077068
2025-03-30 18:44:33,430 - telegram_aiohttp - INFO - Bot stopp
2025-03-30 18:44:33,437 - telegram_aiohttp - INFO - Bot stopped by user
2025-03-30 18:44:47,596 - telegram_aiohttp - INFO - Using device: cpu
2025-03-30 18:44:52,452 - telegram_aiohttp - INFO - Bot starting...
2025-03-30 18:44:53,705 - telegram_aiohttp - INFO - Bot start
2025-03-30 18:45:27,673 - telegram_aiohttp - INFO - Получена команда /feedback от 1026077068
2025-03-30 18:45:41,515 - telegram_aiohttp - INFO - Получен отзыв от 1026077068: фапцкп
2025-03-30 18:47:44,308 - telegram_aiohttp - INFO - Bot stopp
2025-03-30 18:47:44,316 - telegram_aiohttp - INFO - Bot stopped by user
2025-03-30 18:47:58,551 - telegram_aiohttp - INFO - Using device: cpu
2025-03-30 18:48:04,212 - telegram_aiohttp - INFO - Bot starting...
2025-03-30 18:48:05,674 - telegram_aiohttp - INFO - Bot start
2025-03-30 18:48:08,750 - telegram_aiohttp - INFO - Получена команда /start от 1026077068
2025-03-30 18:48:10,791 - telegram_aiohttp - ERROR - Ошибка при запросе к API: Cannot connect to host 127.0.0.1:8000 ssl:default [Удаленный компьютер отклонил это сетевое подключение]
2025-03-30 18:48:19,880 - telegram_aiohttp - INFO - Получена команда /help от 1026077068
2025-03-30 18:48:24,287 - telegram_aiohttp - INFO - Получена команда /feedback от 1026077068
2025-03-30 18:48:28,654 - telegram_aiohttp - INFO - Получен отзыв от 1026077068: Жопа
2025-03-30 18:48:49,824 - telegram_aiohttp - INFO - Обработка текста от 419449047: ы
2025-03-30 18:48:52,104 - telegram_aiohttp - ERROR - Ошибка соединения: Cannot connect to host 127.0.0.1:8000 ssl:default [Удаленный компьютер отклонил это сетевое подключение]
2025-03-30 18:49:14,932 - telegram_aiohttp - INFO - Bot stopp
2025-03-30 18:49:14,942 - telegram_aiohttp - INFO - Bot stopped by user
2025-03-30 18:50:39,563 - telegram_aiohttp - INFO - Using device: cpu
2025-03-30 18:50:44,265 - telegram_aiohttp - INFO - Bot starting...
2025-03-30 18:50:45,642 - telegram_aiohttp - INFO - Bot start
2025-03-30 18:50:49,787 - telegram_aiohttp - INFO - Получена команда /help от 1026077068
2025-03-30 18:50:55,152 - telegram_aiohttp - INFO - Получена команда /start от 1026077068
2025-03-30 18:50:57,203 - telegram_aiohttp - ERROR - Ошибка при запросе к API: Cannot connect to host 127.0.0.1:8000 ssl:default [Удаленный компьютер отклонил это сетевое подключение]
2025-03-30 18:51:00,260 - telegram_aiohttp - INFO - Получена команда /feedback от 1026077068
2025-03-30 18:51:09,067 - telegram_aiohttp - INFO - Получен отзыв от 1026077068: Мне всё нравится
2025-03-30 18:51:14,561 - telegram_aiohttp - INFO - Получена команда /help от 1026077068
2025-03-30 18:51:19,950 - telegram_aiohttp - INFO - Обработка текста от 1026077068: Че как?
2025-03-30 18:51:22,375 - telegram_aiohttp - ERROR - Ошибка соединения: Cannot connect to host 127.0.0.1:8000 ssl:default [Удаленный компьютер отклонил это сетевое подключение]
2025-03-30 18:51:31,750 - telegram_aiohttp - INFO - Обработка голоса
2025-03-30 18:51:57,682 - telegram_aiohttp - INFO - Текст из аудио  BAM BAM
2025-03-30 18:51:59,781 - telegram_aiohttp - ERROR - Ошибка соединения: Cannot connect to host 127.0.0.1:8000 ssl:default [Удаленный компьютер отклонил это сетевое подключение]
2025-03-30 19:21:23,299 - telegram_aiohttp - INFO - Получена команда /help от 1026077068
2025-03-30 19:21:29,324 - telegram_aiohttp - INFO - Обработка текста от 1026077068: sgsg
2025-03-30 19:21:31,913 - telegram_aiohttp - ERROR - Ошибка соединения: Cannot connect to host 127.0.0.1:8000 ssl:default [Удаленный компьютер отклонил это сетевое подключение]
2025-03-30 19:39:31,108 - telegram_aiohttp - INFO - Bot stopp
2025-03-30 19:39:31,133 - telegram_aiohttp - INFO - Bot stopped by user
2025-03-30 20:18:15,636 - telegram_aiohttp - INFO - Using device: cpu
2025-03-30 20:18:21,934 - telegram_aiohttp - INFO - Bot starting...
2025-03-30 20:18:22,649 - telegram_aiohttp - ERROR - Ошибка в работе бота: HTTP Client says - ClientConnectorError: Cannot connect to host api.telegram.org:443 ssl:default [Указанное сетевое имя более недоступно]
2025-03-30 20:18:22,914 - telegram_aiohttp - INFO - Bot stopp
2025-03-30 20:19:53,901 - telegram_aiohttp - INFO - Using device: cpu
2025-03-30 20:19:59,044 - telegram_aiohttp - INFO - Bot starting...
2025-03-30 20:20:00,416 - telegram_aiohttp - INFO - Bot start
2025-03-30 20:20:11,074 - telegram_aiohttp - INFO - Получена команда /help от 1026077068
2025-03-30 20:20:15,036 - telegram_aiohttp - INFO - Получена команда /feedback от 1026077068
2025-03-30 20:20:40,645 - telegram_aiohttp - INFO - Получена команда /help от 1026077068
2025-03-30 20:22:11,685 - telegram_aiohttp - INFO - Получена команда /help от 1026077068
2025-03-30 20:22:14,019 - telegram_aiohttp - INFO - Получена команда /feedback от 1026077068
2025-03-30 20:25:22,953 - telegram_aiohttp - INFO - Bot stopp
2025-03-30 20:25:22,961 - telegram_aiohttp - INFO - Bot stopped by user
2025-03-30 20:25:37,080 - telegram_aiohttp - INFO - Using device: cpu
2025-03-30 20:25:49,632 - telegram_aiohttp - INFO - Bot starting...
2025-03-30 20:25:51,721 - telegram_aiohttp - INFO - Bot start
2025-03-30 20:25:59,270 - telegram_aiohttp - INFO - Получена команда /feedback от 1026077068
2025-03-30 20:28:59,362 - telegram_aiohttp - INFO - Получена команда /feedback от 1026077068
2025-03-30 20:32:45,127 - telegram_aiohttp - INFO - Bot stopp
2025-03-30 20:32:45,134 - telegram_aiohttp - INFO - Bot stopped by user
2025-03-30 20:32:58,930 - telegram_aiohttp - INFO - Using device: cpu
2025-03-30 20:33:05,650 - telegram_aiohttp - INFO - Bot starting...
2025-03-30 20:33:08,368 - telegram_aiohttp - INFO - Bot start
2025-03-30 20:33:22,867 - telegram_aiohttp - INFO - Получена команда /help от 1026077068
2025-03-30 20:33:25,777 - telegram_aiohttp - INFO - Получена команда /feedback от 1026077068
2025-03-30 20:33:34,511 - telegram_aiohttp - ERROR - Feedback service error: 500, message='Attempt to decode JSON with unexpected mimetype: text/plain; charset=utf-8', url='http://localhost:8001/feedback'
2025-03-30 20:36:05,229 - telegram_aiohttp - INFO - Получена команда /feedback от 1026077068
2025-03-30 20:36:07,431 - telegram_aiohttp - ERROR - Feedback service error: 500, message='Attempt to decode JSON with unexpected mimetype: text/plain; charset=utf-8', url='http://localhost:8001/feedback'
2025-03-30 20:36:37,734 - telegram_aiohttp - INFO - Bot stopp
2025-03-30 20:36:37,742 - telegram_aiohttp - INFO - Bot stopped by user
2025-03-30 20:36:59,592 - telegram_aiohttp - INFO - Using device: cpu
2025-03-30 20:37:04,861 - telegram_aiohttp - INFO - Bot starting...
2025-03-30 20:37:06,241 - telegram_aiohttp - INFO - Bot start
2025-03-30 20:37:40,658 - telegram_aiohttp - INFO - Получена команда /start от 1026077068
2025-03-30 20:37:42,667 - telegram_aiohttp - ERROR - Ошибка при запросе к API: Cannot connect to host 127.0.0.1:8000 ssl:default [Удаленный компьютер отклонил это сетевое подключение]
2025-03-30 20:37:46,591 - telegram_aiohttp - INFO - Получена команда /feedback от 1026077068
2025-03-30 20:37:48,936 - telegram_aiohttp - ERROR - Feedback service error: 500, message='Attempt to decode JSON with unexpected mimetype: text/plain; charset=utf-8', url='http://localhost:8001/feedback'
2025-03-30 20:43:13,466 - telegram_aiohttp - INFO - Получена команда /feedback от 1026077068
2025-03-30 20:43:15,683 - telegram_aiohttp - ERROR - Feedback service error: 500, message='Attempt to decode JSON with unexpected mimetype: text/plain; charset=utf-8', url='http://localhost:8001/feedback'
2025-03-30 20:44:25,568 - telegram_aiohttp - INFO - Получена команда /feedback от 1026077068
2025-03-30 20:46:20,477 - telegram_aiohttp - INFO - Получена команда /feedback от 1026077068
2025-03-30 21:07:44,379 - telegram_aiohttp - INFO - Bot stopp
2025-03-30 21:07:44,385 - telegram_aiohttp - INFO - Bot stopped by user
2025-03-30 21:07:57,698 - telegram_aiohttp - INFO - Using device: cpu
2025-03-30 21:08:06,201 - telegram_aiohttp - INFO - Bot starting...
2025-03-30 21:08:07,703 - telegram_aiohttp - INFO - Bot start
2025-03-30 21:08:16,514 - telegram_aiohttp - INFO - Получена команда /feedback от 1026077068
2025-03-30 21:08:38,667 - telegram_aiohttp - INFO - Получена команда /start от 1026077068
2025-03-30 21:08:44,678 - telegram_aiohttp - INFO - Получена команда /help от 1026077068
2025-03-30 21:08:52,459 - telegram_aiohttp - INFO - Обработка текста от 1026077068: сколько весит корова
2025-03-30 21:09:10,715 - telegram_aiohttp - INFO - Обработка текста от 1026077068: телефон колцентра
2025-03-30 21:10:50,978 - telegram_aiohttp - INFO - Bot stopp
2025-03-30 21:10:50,992 - telegram_aiohttp - INFO - Bot stopped by user
2025-03-30 21:11:05,909 - telegram_aiohttp - INFO - Using device: cpu
2025-03-30 21:11:10,802 - telegram_aiohttp - INFO - Bot starting...
2025-03-30 21:11:12,129 - telegram_aiohttp - INFO - Bot start
2025-03-30 21:11:41,952 - telegram_aiohttp - INFO - Получена команда /feedback от 1026077068
2025-03-30 21:16:31,675 - telegram_aiohttp - INFO - Bot stopp
2025-03-30 21:16:31,687 - telegram_aiohttp - INFO - Bot stopped by user
2025-03-30 21:17:14,520 - telegram_aiohttp - INFO - Using device: cpu
2025-03-30 21:17:23,195 - telegram_aiohttp - INFO - Bot starting...
2025-03-30 21:17:24,697 - telegram_aiohttp - INFO - Bot start
2025-03-30 21:18:54,751 - telegram_aiohttp - INFO - Обработка текста от 1026077068: телефон колцентра
2025-03-30 21:19:06,908 - telegram_aiohttp - INFO - Обработка текста от 1026077068: колцентр
2025-03-30 21:19:16,914 - telegram_aiohttp - INFO - Обработка текста от 1026077068: коллцентр
2025-03-30 21:19:27,274 - telegram_aiohttp - INFO - Обработка текста от 1026077068: часы работы поликлиники
2025-03-30 21:19:38,928 - telegram_aiohttp - INFO - Обработка текста от 1026077068: подготовка
2025-03-30 21:19:55,014 - telegram_aiohttp - INFO - Обработка текста от 1026077068: сколько стоит узи
2025-03-30 21:21:24,822 - telegram_aiohttp - INFO - Обработка текста от 1026077068: телефон
2025-03-30 21:21:33,033 - telegram_aiohttp - INFO - Обработка текста от 1026077068: коллцентр
2025-03-30 21:23:11,939 - telegram_aiohttp - INFO - Обработка текста от 1026077068: коллцентр
2025-03-30 21:23:16,324 - telegram_aiohttp - INFO - Обработка текста от 1026077068: телефон
2025-03-30 21:23:30,374 - telegram_aiohttp - INFO - Получена команда /start от 1026077068
2025-03-30 21:23:38,336 - telegram_aiohttp - INFO - Получена команда /help от 1026077068
2025-03-30 21:23:42,041 - telegram_aiohttp - INFO - Получена команда /feedback от 1026077068
2025-03-30 21:24:28,444 - telegram_aiohttp - INFO - Обработка текста от 1026077068: сколько стоит
2025-03-30 21:24:37,162 - telegram_aiohttp - INFO - Обработка текста от 1026077068: сколько стоит
2025-03-30 21:24:49,207 - telegram_aiohttp - INFO - Обработка текста от 1026077068: сколько стоит рентген
2025-03-30 21:25:01,184 - telegram_aiohttp - INFO - Обработка текста от 1026077068: сколько стоит корова
2025-03-30 22:24:19,241 - telegram_aiohttp - INFO - Обработка текста от 419449047: Здароу
2025-03-30 22:24:38,151 - telegram_aiohttp - INFO - Получена команда /start от 419449047
2025-03-30 22:24:43,647 - telegram_aiohttp - INFO - Получена команда /help от 419449047
2025-03-30 22:25:10,676 - telegram_aiohttp - INFO - Получена команда /feedback от 419449047
2025-03-30 22:25:19,096 - telegram_aiohttp - INFO - Обработка текста от 419449047: Пожалуйста
2025-03-30 22:25:58,028 - telegram_aiohttp - INFO - Обработка текста от 419449047: РАсскажи что нельзя делать перед узи щитовидной железы
2025-03-30 22:26:08,013 - telegram_aiohttp - INFO - Обработка текста от 419449047: что нельзя делать перед узи щитовидной железы
2025-03-30 22:26:14,353 - telegram_aiohttp - INFO - Обработка текста от 419449047: то нельзя делать перед узи
2025-03-30 22:27:07,398 - telegram_aiohttp - INFO - Обработка голоса
2025-03-30 22:27:40,620 - telegram_aiohttp - INFO - Текст из аудио  Сколько стоит УЗИ?
2025-03-30 22:33:50,838 - telegram_aiohttp - INFO - Using device: cpu
2025-03-30 22:34:02,215 - telegram_aiohttp - INFO - Bot starting...
2025-03-30 22:34:03,834 - telegram_aiohttp - INFO - Bot start
2025-03-30 23:48:15,354 - telegram_aiohttp - INFO - Using device: cpu
2025-03-30 23:48:25,207 - telegram_aiohttp - INFO - Bot starting...
2025-03-30 23:48:26,886 - telegram_aiohttp - INFO - Bot start
2025-03-30 23:50:10,172 - telegram_aiohttp - INFO - Bot stopp
2025-03-30 23:50:10,181 - telegram_aiohttp - INFO - Bot stopped by user
2025-03-30 23:53:03,569 - telegram_aiohttp - INFO - Using device: cpu
2025-03-30 23:53:15,019 - telegram_aiohttp - INFO - Bot starting...
2025-03-30 23:53:16,498 - telegram_aiohttp - INFO - Bot start
2025-03-30 23:53:24,724 - telegram_aiohttp - INFO - Обработка текста от 419449047: hey
2025-03-30 23:53:32,534 - telegram_aiohttp - INFO - Обработка текста от 419449047: Ёпта
2025-03-30 23:53:46,878 - telegram_aiohttp - INFO - Обработка текста от 419449047: ОАК
2025-03-30 23:54:28,134 - telegram_aiohttp - INFO - Получена команда /feedback от 1026077068
2025-03-31 00:11:42,085 - telegram_aiohttp - INFO - Обработка текста от 1026077068: Здарова корова!
2025-03-31 00:12:32,772 - telegram_aiohttp - INFO - Обработка текста от 1026077068: здорова карова!
2025-03-31 00:12:45,051 - telegram_aiohttp - INFO - Получена команда /feedback от 1026077068
2025-03-31 00:17:36,034 - telegram_aiohttp - INFO - Обработка текста от 1026077068: сколько стоит рентген
