2025-03-30 14:25:25,129 - scraper - INFO - scraper.main
2025-03-30 14:25:25,131 - scraper - ERROR - Ошибка в создании базы clinic_schedule.db unable to open database file
2025-03-30 14:25:25,131 - scraper - ERROR - ошибка в scraper.main cannot unpack non-iterable NoneType object
2025-03-30 14:28:12,018 - scraper - INFO - scraper.main
2025-03-30 14:28:12,030 - scraper - INFO - База данных успешно создана/очищена
2025-03-30 14:28:13,853 - scraper - INFO - Данные успешно сохранены в БД
2025-03-30 14:28:13,857 - scraper - INFO - 
Успешно сохранено 8 записей
2025-03-30 14:28:14,838 - scraper - INFO - Данные успешно сохранены в БД
2025-03-30 14:28:14,841 - scraper - INFO - 
Успешно сохранено 8 записей
2025-03-30 14:28:15,824 - scraper - INFO - Данные успешно сохранены в БД
2025-03-30 14:28:15,827 - scraper - INFO - 
Успешно сохранено 3 записей
2025-03-30 14:28:17,128 - scraper - INFO - Найдены данные
2025-03-30 14:28:17,129 - scraper - INFO - сохранено в csv
2025-03-30 14:30:41,555 - scraper - INFO - scraper.main
2025-03-30 14:30:41,573 - scraper - INFO - База данных успешно создана/очищена
2025-03-30 14:30:43,848 - scraper - INFO - Данные успешно сохранены в БД
2025-03-30 14:30:43,851 - scraper - INFO - 
Успешно сохранено 8 записей
2025-03-30 14:30:44,980 - scraper - INFO - Данные успешно сохранены в БД
2025-03-30 14:30:44,984 - scraper - INFO - 
Успешно сохранено 8 записей
2025-03-30 14:30:46,179 - scraper - INFO - Данные успешно сохранены в БД
2025-03-30 14:30:46,183 - scraper - INFO - 
Успешно сохранено 3 записей
2025-03-30 14:30:47,671 - scraper - INFO - Найдены данные
2025-03-30 14:30:47,672 - scraper - INFO - сохранено в csv
2025-03-30 14:31:02,026 - scraper - INFO - scraper.main
2025-03-30 14:31:02,038 - scraper - INFO - База данных успешно создана/очищена
2025-03-30 14:31:03,759 - scraper - INFO - Данные успешно сохранены в БД
2025-03-30 14:31:03,763 - scraper - INFO - 
Успешно сохранено 8 записей
2025-03-30 14:31:04,824 - scraper - INFO - Данные успешно сохранены в БД
2025-03-30 14:31:04,828 - scraper - INFO - 
Успешно сохранено 8 записей
2025-03-30 14:31:05,935 - scraper - INFO - Данные успешно сохранены в БД
2025-03-30 14:31:05,938 - scraper - INFO - 
Успешно сохранено 3 записей
2025-03-30 14:31:07,398 - scraper - INFO - Найдены данные
2025-03-30 14:31:07,400 - scraper - INFO - сохранено в csv
2025-03-30 14:33:34,870 - scraper - INFO - scraper.main
2025-03-30 14:33:34,888 - scraper - INFO - База данных успешно создана/очищена
2025-03-30 14:33:37,141 - scraper - INFO - Данные успешно сохранены в БД
2025-03-30 14:33:37,145 - scraper - INFO - 
Успешно сохранено 8 записей
2025-03-30 14:33:38,338 - scraper - INFO - Данные успешно сохранены в БД
2025-03-30 14:33:38,342 - scraper - INFO - 
Успешно сохранено 8 записей
2025-03-30 14:33:39,456 - scraper - INFO - Данные успешно сохранены в БД
2025-03-30 14:33:39,460 - scraper - INFO - 
Успешно сохранено 3 записей
2025-03-30 14:33:41,347 - scraper - INFO - Найдены данные
2025-03-30 14:33:41,349 - scraper - INFO - сохранено в csv
2025-03-30 14:33:46,288 - scraper - INFO - scraper.main
2025-03-30 14:33:46,288 - scraper - ERROR - Ошибка в создании базы clinic_schedule.db unable to open database file
2025-03-30 14:33:46,288 - scraper - ERROR - ошибка в scraper.main cannot unpack non-iterable NoneType object
2025-03-30 14:34:27,210 - scraper - INFO - scraper.main
2025-03-30 14:34:27,223 - scraper - INFO - База данных успешно создана/очищена
2025-03-30 14:34:28,934 - scraper - INFO - Данные успешно сохранены в БД
2025-03-30 14:34:28,938 - scraper - INFO - 
Успешно сохранено 8 записей
2025-03-30 14:34:30,066 - scraper - INFO - Данные успешно сохранены в БД
2025-03-30 14:34:30,069 - scraper - INFO - 
Успешно сохранено 8 записей
2025-03-30 14:34:31,252 - scraper - INFO - Данные успешно сохранены в БД
2025-03-30 14:34:31,256 - scraper - INFO - 
Успешно сохранено 3 записей
2025-03-30 14:34:32,858 - scraper - INFO - Найдены данные
2025-03-30 14:34:32,860 - scraper - INFO - сохранено в csv
2025-03-30 14:34:54,080 - scraper - INFO - scraper.main
2025-03-30 14:34:54,082 - scraper - ERROR - Ошибка в создании базы clinic_schedule.db unable to open database file
2025-03-30 14:34:54,082 - scraper - ERROR - ошибка в scraper.main cannot unpack non-iterable NoneType object
2025-03-30 14:38:26,841 - scraper - INFO - scraper.main
2025-03-30 14:38:26,861 - scraper - INFO - База данных успешно создана/очищена
2025-03-30 14:38:28,597 - scraper - INFO - Данные успешно сохранены в БД
2025-03-30 14:38:28,600 - scraper - INFO - 
Успешно сохранено 8 записей
2025-03-30 14:38:29,846 - scraper - INFO - Данные успешно сохранены в БД
2025-03-30 14:38:29,850 - scraper - INFO - 
Успешно сохранено 8 записей
2025-03-30 14:38:31,115 - scraper - INFO - Данные успешно сохранены в БД
2025-03-30 14:38:31,118 - scraper - INFO - 
Успешно сохранено 3 записей
2025-03-30 14:38:32,451 - scraper - INFO - Найдены данные
2025-03-30 14:38:32,452 - scraper - INFO - сохранено в csv
2025-03-30 14:40:20,308 - scraper - INFO - scraper.main
2025-03-30 14:40:20,322 - scraper - INFO - База данных успешно создана/очищена
2025-03-30 14:40:23,712 - scraper - INFO - Данные успешно сохранены в БД
2025-03-30 14:40:23,716 - scraper - INFO - 
Успешно сохранено 8 записей
2025-03-30 14:40:24,853 - scraper - INFO - Данные успешно сохранены в БД
2025-03-30 14:40:24,858 - scraper - INFO - 
Успешно сохранено 8 записей
2025-03-30 14:40:26,108 - scraper - INFO - Данные успешно сохранены в БД
2025-03-30 14:40:26,111 - scraper - INFO - 
Успешно сохранено 3 записей
2025-03-30 14:40:28,043 - scraper - INFO - Найдены данные
2025-03-30 14:40:28,044 - scraper - INFO - сохранено в csv
2025-03-30 14:41:07,200 - scraper - INFO - scraper.main
2025-03-30 14:41:07,211 - scraper - INFO - База данных успешно создана/очищена
2025-03-30 14:41:09,986 - scraper - INFO - Данные успешно сохранены в БД
2025-03-30 14:41:09,990 - scraper - INFO - 
Успешно сохранено 8 записей
2025-03-30 14:41:11,236 - scraper - INFO - Данные успешно сохранены в БД
2025-03-30 14:41:11,239 - scraper - INFO - 
Успешно сохранено 8 записей
2025-03-30 14:41:12,357 - scraper - INFO - Данные успешно сохранены в БД
2025-03-30 14:41:12,361 - scraper - INFO - 
Успешно сохранено 3 записей
2025-03-30 14:41:13,941 - scraper - INFO - Найдены данные
2025-03-30 14:41:13,942 - scraper - INFO - сохранено в csv
2025-03-30 14:41:14,052 - scraper - INFO - scraper.main
2025-03-30 14:41:14,063 - scraper - INFO - База данных успешно создана/очищена
2025-03-30 14:41:15,468 - scraper - INFO - Данные успешно сохранены в БД
2025-03-30 14:41:15,472 - scraper - INFO - 
Успешно сохранено 8 записей
2025-03-30 14:41:16,757 - scraper - INFO - Данные успешно сохранены в БД
2025-03-30 14:41:16,761 - scraper - INFO - 
Успешно сохранено 8 записей
2025-03-30 14:41:17,917 - scraper - INFO - Данные успешно сохранены в БД
2025-03-30 14:41:17,921 - scraper - INFO - 
Успешно сохранено 3 записей
2025-03-30 14:41:19,558 - scraper - INFO - Найдены данные
2025-03-30 14:41:19,560 - scraper - INFO - сохранено в csv
2025-03-30 15:18:35,391 - scraper - INFO - scraper.main
2025-03-30 15:18:35,403 - scraper - INFO - База данных успешно создана/очищена
2025-03-30 15:18:38,088 - scraper - INFO - Данные успешно сохранены в БД
2025-03-30 15:18:38,092 - scraper - INFO - 
Успешно сохранено 8 записей
2025-03-30 15:18:39,379 - scraper - INFO - Данные успешно сохранены в БД
2025-03-30 15:18:39,383 - scraper - INFO - 
Успешно сохранено 8 записей
2025-03-30 15:18:40,578 - scraper - INFO - Данные успешно сохранены в БД
2025-03-30 15:18:40,583 - scraper - INFO - 
Успешно сохранено 3 записей
2025-03-30 15:18:42,477 - scraper - INFO - Найдены данные
2025-03-30 15:18:42,478 - scraper - INFO - сохранено в csv
2025-03-30 15:18:42,572 - scraper - INFO - scraper.main
2025-03-30 15:18:42,583 - scraper - INFO - База данных успешно создана/очищена
2025-03-30 15:18:43,996 - scraper - INFO - Данные успешно сохранены в БД
2025-03-30 15:18:43,999 - scraper - INFO - 
Успешно сохранено 8 записей
2025-03-30 15:18:45,126 - scraper - INFO - Данные успешно сохранены в БД
2025-03-30 15:18:45,130 - scraper - INFO - 
Успешно сохранено 8 записей
2025-03-30 15:18:46,221 - scraper - INFO - Данные успешно сохранены в БД
2025-03-30 15:18:46,224 - scraper - INFO - 
Успешно сохранено 3 записей
2025-03-30 15:18:48,020 - scraper - INFO - Найдены данные
2025-03-30 15:18:48,021 - scraper - INFO - сохранено в csv
2025-03-30 15:23:01,172 - scraper - INFO - scraper.main
2025-03-30 15:23:01,188 - scraper - INFO - База данных успешно создана/очищена
2025-03-30 15:23:03,466 - scraper - INFO - Данные успешно сохранены в БД
2025-03-30 15:23:03,470 - scraper - INFO - 
Успешно сохранено 8 записей
2025-03-30 15:23:04,678 - scraper - INFO - Данные успешно сохранены в БД
2025-03-30 15:23:04,681 - scraper - INFO - 
Успешно сохранено 8 записей
2025-03-30 15:23:05,799 - scraper - INFO - Данные успешно сохранены в БД
2025-03-30 15:23:05,802 - scraper - INFO - 
Успешно сохранено 3 записей
2025-03-30 15:23:07,345 - scraper - INFO - Найдены данные
2025-03-30 15:23:07,346 - scraper - INFO - сохранено в csv
2025-03-30 15:23:07,429 - scraper - INFO - scraper.main
2025-03-30 15:23:07,449 - scraper - INFO - База данных успешно создана/очищена
2025-03-30 15:23:08,792 - scraper - INFO - Данные успешно сохранены в БД
2025-03-30 15:23:08,796 - scraper - INFO - 
Успешно сохранено 8 записей
2025-03-30 15:23:09,903 - scraper - INFO - Данные успешно сохранены в БД
2025-03-30 15:23:09,906 - scraper - INFO - 
Успешно сохранено 8 записей
2025-03-30 15:23:11,016 - scraper - INFO - Данные успешно сохранены в БД
2025-03-30 15:23:11,020 - scraper - INFO - 
Успешно сохранено 3 записей
2025-03-30 15:23:12,691 - scraper - INFO - Найдены данные
2025-03-30 15:23:12,693 - scraper - INFO - сохранено в csv
